# JRE version: OpenJDK Runtime Environment (21.0.4) (build 21.0.4+-12508038-b607.1)
# Java VM: OpenJDK 64-Bit Server VM (21.0.4+-12508038-b607.1, mixed mode, tiered, compressed oops, compressed class ptrs, g1 gc, windows-amd64)
GC Precious Log:
 CardTable entry size: 512
 Card Set container configuration: InlinePtr #cards 5 size 8 Array Of Cards #cards 12 size 40 Howl #buckets 4 coarsen threshold 1843 Howl Bitmap #cards 512 size 80 coarsen threshold 460 Card regions per heap region 1 cards per card region 2048
 CPUs: 8 total, 8 available
 Memory: 24314M
 Large Page Support: Disabled
 NUMA Support: Disabled
 Compressed Oops: Enabled (32-bit)
 Heap Region Size: 1M
 Heap Min Capacity: 8M
 Heap Initial Capacity: 380M
 Heap Max Capacity: 2G
 Pre-touch: Disabled
 Parallel Workers: 8
 Concurrent Workers: 2
 Concurrent Refinement Workers: 8
 Periodic GC: Disabled
Heap:
 garbage-first heap   total 435200K, used 392835K [0x0000000080000000, 0x0000000100000000)
  region size 1024K, 118 young (120832K), 16 survivors (16384K)
 Metaspace       used 220250K, committed 223168K, reserved 1245184K
  class space    used 27622K, committed 29120K, reserved 1048576K
GC Heap History (20 events):
Event: 22.862 GC heap before
{Heap before GC invocations=45 (full 0):
 garbage-first heap   total 403456K, used 341815K [0x0000000080000000, 0x0000000100000000)
  region size 1024K, 105 young (107520K), 6 survivors (6144K)
 Metaspace       used 189012K, committed 191744K, reserved 1245184K
  class space    used 24058K, committed 25472K, reserved 1048576K
}
Event: 22.866 GC heap after
{Heap after GC invocations=46 (full 0):
 garbage-first heap   total 403456K, used 242579K [0x0000000080000000, 0x0000000100000000)
  region size 1024K, 8 young (8192K), 8 survivors (8192K)
 Metaspace       used 189012K, committed 191744K, reserved 1245184K
  class space    used 24058K, committed 25472K, reserved 1048576K
}
Event: 23.767 GC heap before
{Heap before GC invocations=46 (full 0):
 garbage-first heap   total 403456K, used 367507K [0x0000000080000000, 0x0000000100000000)
  region size 1024K, 130 young (133120K), 8 survivors (8192K)
 Metaspace       used 189012K, committed 191744K, reserved 1245184K
  class space    used 24058K, committed 25472K, reserved 1048576K
}
Event: 23.772 GC heap after
{Heap after GC invocations=47 (full 0):
 garbage-first heap   total 403456K, used 232478K [0x0000000080000000, 0x0000000100000000)
  region size 1024K, 12 young (12288K), 12 survivors (12288K)
 Metaspace       used 189012K, committed 191744K, reserved 1245184K
  class space    used 24058K, committed 25472K, reserved 1048576K
}
Event: 24.515 GC heap before
{Heap before GC invocations=47 (full 0):
 garbage-first heap   total 403456K, used 367646K [0x0000000080000000, 0x0000000100000000)
  region size 1024K, 144 young (147456K), 12 survivors (12288K)
 Metaspace       used 189012K, committed 191744K, reserved 1245184K
  class space    used 24058K, committed 25472K, reserved 1048576K
}
Event: 24.522 GC heap after
{Heap after GC invocations=48 (full 0):
 garbage-first heap   total 403456K, used 236704K [0x0000000080000000, 0x0000000100000000)
  region size 1024K, 13 young (13312K), 13 survivors (13312K)
 Metaspace       used 189012K, committed 191744K, reserved 1245184K
  class space    used 24058K, committed 25472K, reserved 1048576K
}
Event: 25.164 GC heap before
{Heap before GC invocations=49 (full 0):
 garbage-first heap   total 403456K, used 367776K [0x0000000080000000, 0x0000000100000000)
  region size 1024K, 141 young (144384K), 13 survivors (13312K)
 Metaspace       used 189012K, committed 191744K, reserved 1245184K
  class space    used 24058K, committed 25472K, reserved 1048576K
}
Event: 25.170 GC heap after
{Heap after GC invocations=50 (full 0):
 garbage-first heap   total 403456K, used 240154K [0x0000000080000000, 0x0000000100000000)
  region size 1024K, 11 young (11264K), 11 survivors (11264K)
 Metaspace       used 189012K, committed 191744K, reserved 1245184K
  class space    used 24058K, committed 25472K, reserved 1048576K
}
Event: 25.675 GC heap before
{Heap before GC invocations=50 (full 0):
 garbage-first heap   total 403456K, used 369178K [0x0000000080000000, 0x0000000100000000)
  region size 1024K, 137 young (140288K), 11 survivors (11264K)
 Metaspace       used 189012K, committed 191744K, reserved 1245184K
  class space    used 24058K, committed 25472K, reserved 1048576K
}
Event: 25.682 GC heap after
{Heap after GC invocations=51 (full 0):
 garbage-first heap   total 403456K, used 239154K [0x0000000080000000, 0x0000000100000000)
  region size 1024K, 10 young (10240K), 10 survivors (10240K)
 Metaspace       used 189012K, committed 191744K, reserved 1245184K
  class space    used 24058K, committed 25472K, reserved 1048576K
}
Event: 26.202 GC heap before
{Heap before GC invocations=51 (full 0):
 garbage-first heap   total 403456K, used 365106K [0x0000000080000000, 0x0000000100000000)
  region size 1024K, 135 young (138240K), 10 survivors (10240K)
 Metaspace       used 189834K, committed 192640K, reserved 1245184K
  class space    used 24122K, committed 25536K, reserved 1048576K
}
Event: 26.208 GC heap after
{Heap after GC invocations=52 (full 0):
 garbage-first heap   total 403456K, used 243733K [0x0000000080000000, 0x0000000100000000)
  region size 1024K, 10 young (10240K), 10 survivors (10240K)
 Metaspace       used 189834K, committed 192640K, reserved 1245184K
  class space    used 24122K, committed 25536K, reserved 1048576K
}
Event: 27.802 GC heap before
{Heap before GC invocations=53 (full 0):
 garbage-first heap   total 411648K, used 371733K [0x0000000080000000, 0x0000000100000000)
  region size 1024K, 134 young (137216K), 10 survivors (10240K)
 Metaspace       used 202234K, committed 204992K, reserved 1245184K
  class space    used 25669K, committed 27072K, reserved 1048576K
}
Event: 27.813 GC heap after
{Heap after GC invocations=54 (full 0):
 garbage-first heap   total 411648K, used 250553K [0x0000000080000000, 0x0000000100000000)
  region size 1024K, 13 young (13312K), 13 survivors (13312K)
 Metaspace       used 202234K, committed 204992K, reserved 1245184K
  class space    used 25669K, committed 27072K, reserved 1048576K
}
Event: 28.818 GC heap before
{Heap before GC invocations=54 (full 0):
 garbage-first heap   total 411648K, used 376505K [0x0000000080000000, 0x0000000100000000)
  region size 1024K, 136 young (139264K), 13 survivors (13312K)
 Metaspace       used 206024K, committed 208896K, reserved 1245184K
  class space    used 26107K, committed 27520K, reserved 1048576K
}
Event: 28.832 GC heap after
{Heap after GC invocations=55 (full 0):
 garbage-first heap   total 411648K, used 256000K [0x0000000080000000, 0x0000000100000000)
  region size 1024K, 17 young (17408K), 17 survivors (17408K)
 Metaspace       used 206024K, committed 208896K, reserved 1245184K
  class space    used 26107K, committed 27520K, reserved 1048576K
}
Event: 40.324 GC heap before
{Heap before GC invocations=55 (full 0):
 garbage-first heap   total 411648K, used 371712K [0x0000000080000000, 0x0000000100000000)
  region size 1024K, 131 young (134144K), 17 survivors (17408K)
 Metaspace       used 214225K, committed 217152K, reserved 1245184K
  class space    used 26917K, committed 28416K, reserved 1048576K
}
Event: 40.336 GC heap after
{Heap after GC invocations=56 (full 0):
 garbage-first heap   total 411648K, used 260339K [0x0000000080000000, 0x0000000100000000)
  region size 1024K, 6 young (6144K), 6 survivors (6144K)
 Metaspace       used 214225K, committed 217152K, reserved 1245184K
  class space    used 26917K, committed 28416K, reserved 1048576K
}
Event: 41.765 GC heap before
{Heap before GC invocations=57 (full 0):
 garbage-first heap   total 435200K, used 381171K [0x0000000080000000, 0x0000000100000000)
  region size 1024K, 125 young (128000K), 6 survivors (6144K)
 Metaspace       used 217765K, committed 220672K, reserved 1245184K
  class space    used 27398K, committed 28864K, reserved 1048576K
}
Event: 41.776 GC heap after
{Heap after GC invocations=58 (full 0):
 garbage-first heap   total 435200K, used 274051K [0x0000000080000000, 0x0000000100000000)
  region size 1024K, 16 young (16384K), 16 survivors (16384K)
 Metaspace       used 217765K, committed 220672K, reserved 1245184K
  class space    used 27398K, committed 28864K, reserved 1048576K
}

